<?xml version="1.0" encoding="UTF-8"?>
<!-- Generated by org.testng.reporters.JUnitReportReporter -->
<testsuite skipped="0" hostname="DESKTOP-PO91V4R" name="appium.Gopi" tests="1" failures="0" timestamp="20 Aug 2018 11:47:28 GMT" time="23.567" errors="0">
  <testcase name="testDemo" time="23.567" classname="appium.Gopi"/>
</testsuite> <!-- appium.Gopi -->
