<?xml version="1.0" encoding="UTF-8"?>
<!-- Generated by org.testng.reporters.JUnitReportReporter -->
<testsuite hostname="DESKTOP-FF4MHGP" name="demo.CompareExcelWithDB" tests="1" failures="0" timestamp="23 Aug 2019 04:22:13 GMT" time="1.727" errors="0">
  <testcase name="testCompareExcelWithDB" time="1.727" classname="demo.CompareExcelWithDB"/>
</testsuite> <!-- demo.CompareExcelWithDB -->
