<?xml version="1.0" encoding="UTF-8"?>
<!-- Generated by org.testng.reporters.JUnitReportReporter -->
<testsuite skipped="0" hostname="DESKTOP-PO91V4R" name="appium.AppiumPractice" tests="1" failures="0" timestamp="12 Sep 2018 07:27:09 GMT" time="7.380" errors="0">
  <testcase name="practice" time="7.380" classname="appium.AppiumPractice"/>
</testsuite> <!-- appium.AppiumPractice -->
