<?xml version="1.0" encoding="UTF-8"?>
<!-- Generated by org.testng.reporters.JUnitReportReporter -->
<testsuite hostname="DESKTOP-FF4MHGP" name="com.maven.sample.CokieTest" tests="1" failures="0" timestamp="18 May 2019 09:42:27 GMT" time="0.307" errors="0">
  <testcase name="loginThroughCookie" time="0.307" classname="com.maven.sample.CokieTest"/>
</testsuite> <!-- com.maven.sample.CokieTest -->
