<?xml version="1.0" encoding="UTF-8"?>
<!-- Generated by org.testng.reporters.JUnitReportReporter -->
<testsuite skipped="0" hostname="DESKTOP-PO91V4R" name="extent_reports.New_Extent" tests="1" failures="0" timestamp="14 Sep 2018 07:05:53 GMT" time="11.236" errors="0">
  <testcase name="testEx" time="11.236" classname="extent_reports.New_Extent"/>
</testsuite> <!-- extent_reports.New_Extent -->
