<?xml version="1.0" encoding="UTF-8"?>
<!-- Generated by org.testng.reporters.JUnitReportReporter -->
<testsuite hostname="DESKTOP-FF4MHGP" name="com.maven.sample.Practice1" tests="1" failures="0" timestamp="22 May 2019 04:24:57 GMT" time="0.043" errors="0">
  <testcase name="test" time="0.043" classname="com.maven.sample.Practice1"/>
</testsuite> <!-- com.maven.sample.Practice1 -->
