<?xml version="1.0" encoding="UTF-8"?>
<!-- Generated by org.testng.reporters.JUnitReportReporter -->
<testsuite skipped="0" hostname="rakesh" name="com.maven.sample.Practice1" tests="1" failures="0" timestamp="10 Jul 2018 12:49:03 GMT" time="4.841" errors="0">
  <testcase name="testPro" time="4.841" classname="com.maven.sample.Practice1"/>
</testsuite> <!-- com.maven.sample.Practice1 -->
