<?xml version="1.0" encoding="UTF-8"?>
<!-- Generated by org.testng.reporters.JUnitReportReporter -->
<testsuite skipped="0" hostname="DESKTOP-PO91V4R" name="com.maven.sample.Practice2" tests="1" failures="0" timestamp="12 Nov 2018 09:28:22 GMT" time="20.566" errors="0">
  <testcase name="testGo" time="20.566" classname="com.maven.sample.Practice2"/>
</testsuite> <!-- com.maven.sample.Practice2 -->
