<?xml version="1.0" encoding="UTF-8"?>
<!-- Generated by org.testng.reporters.JUnitReportReporter -->
<testsuite skipped="0" hostname="DESKTOP-PO91V4R" name="utils.ImageComparison" tests="1" failures="0" timestamp="12 Sep 2018 09:42:23 GMT" time="0.164" errors="0">
  <testcase name="testImage" time="0.164" classname="utils.ImageComparison"/>
</testsuite> <!-- utils.ImageComparison -->
