<?xml version="1.0" encoding="UTF-8"?>
<!-- Generated by org.testng.reporters.JUnitReportReporter -->
<testsuite hostname="DESKTOP-FF4MHGP" name="com.maven.sample.Practice1" tests="1" failures="0" timestamp="21 Aug 2019 09:24:21 GMT" time="0.038" errors="0">
  <testcase name="testt" time="0.038" classname="com.maven.sample.Practice1"/>
</testsuite> <!-- com.maven.sample.Practice1 -->
