<?xml version="1.0" encoding="UTF-8"?>
<!-- Generated by org.testng.reporters.JUnitReportReporter -->
<testsuite skipped="0" hostname="DESKTOP-PO91V4R" name="appium.AppiumBase" tests="1" failures="0" timestamp="20 Aug 2018 08:58:38 GMT" time="44.141" errors="0">
  <testcase name="aTestBase" time="44.141" classname="appium.AppiumBase"/>
</testsuite> <!-- appium.AppiumBase -->
