<?xml version="1.0" encoding="UTF-8"?>
<!-- Generated by org.testng.reporters.JUnitReportReporter -->
<testsuite skipped="0" hostname="rakesh" name="appium.Apractice" tests="1" failures="0" timestamp="13 Jul 2018 09:17:46 GMT" time="0.009" errors="0">
  <testcase name="testApractice" time="0.009" classname="appium.Apractice"/>
</testsuite> <!-- appium.Apractice -->
