<?xml version="1.0" encoding="UTF-8"?>
<!-- Generated by org.testng.reporters.JUnitReportReporter -->
<testsuite skipped="0" hostname="DESKTOP-PO91V4R" name="appium.Apractice" tests="1" failures="0" timestamp="30 Aug 2018 13:41:50 GMT" time="0.028" errors="0">
  <testcase name="testApractice" time="0.028" classname="appium.Apractice"/>
</testsuite> <!-- appium.Apractice -->
