<?xml version="1.0" encoding="UTF-8"?>
<!-- Generated by org.testng.reporters.JUnitReportReporter -->
<testsuite skipped="0" hostname="DESKTOP-PO91V4R" name="googlesheets.GSheetTest" tests="3" failures="0" timestamp="22 Feb 2019 12:25:44 GMT" time="0.031" errors="0">
  <testcase name="testM" time="0.015" classname="googlesheets.GSheetTest"/>
  <testcase name="testM" time="0.016" classname="googlesheets.GSheetTest"/>
  <testcase name="testM" time="0.000" classname="googlesheets.GSheetTest"/>
</testsuite> <!-- googlesheets.GSheetTest -->
