<?xml version="1.0" encoding="UTF-8"?>
<!-- Generated by org.testng.reporters.JUnitReportReporter -->
<testsuite skipped="0" hostname="DESKTOP-PO91V4R" name="com.maven.sample.Goibibo" tests="1" failures="0" timestamp="22 Sep 2018 11:44:46 GMT" time="110.640" errors="0">
  <testcase name="testGoibibo" time="110.640" classname="com.maven.sample.Goibibo"/>
</testsuite> <!-- com.maven.sample.Goibibo -->
