<?xml version="1.0" encoding="UTF-8"?>
<!-- Generated by org.testng.reporters.JUnitReportReporter -->
<testsuite skipped="0" hostname="rakesh" name="com.maven.sample.Practice1" tests="1" failures="0" timestamp="25 Jul 2018 07:02:19 GMT" time="0.016" errors="0">
  <testcase name="run" time="0.016" classname="com.maven.sample.Practice1"/>
</testsuite> <!-- com.maven.sample.Practice1 -->
