<?xml version="1.0" encoding="UTF-8"?>
<!-- Generated by org.testng.reporters.JUnitReportReporter -->
<testsuite hostname="DESKTOP-FF4MHGP" name="com.maven.sample.Practice1" tests="1" failures="0" timestamp="19 Mar 2019 10:04:07 GMT" time="8.847" errors="0">
  <testcase name="installapp" time="8.847" classname="com.maven.sample.Practice1"/>
</testsuite> <!-- com.maven.sample.Practice1 -->
