<?xml version="1.0" encoding="UTF-8"?>
<!-- Generated by org.testng.reporters.JUnitReportReporter -->
<testsuite skipped="0" hostname="DESKTOP-PO91V4R" name="extent_reports.Demo4" tests="1" failures="0" timestamp="14 Sep 2018 07:17:42 GMT" time="2.208" errors="0">
  <testcase name="testDemo1" time="2.208" classname="extent_reports.Demo4"/>
</testsuite> <!-- extent_reports.Demo4 -->
