<?xml version="1.0" encoding="UTF-8"?>
<!-- Generated by org.testng.reporters.JUnitReportReporter -->
<testsuite hostname="DESKTOP-FF4MHGP" name="appium.Gmail" tests="1" failures="0" timestamp="12 Jul 2019 12:52:34 GMT" time="88.137" errors="0">
  <testcase name="installapp" time="88.137" classname="appium.Gmail"/>
</testsuite> <!-- appium.Gmail -->
