<?xml version="1.0" encoding="UTF-8"?>
<!-- Generated by org.testng.reporters.JUnitReportReporter -->
<testsuite hostname="DESKTOP-FF4MHGP" name="merchant.CompareMerchantData" tests="1" failures="0" timestamp="26 Aug 2019 07:01:33 GMT" time="0.270" errors="0">
  <testcase name="testCompareMerchantData" time="0.270" classname="merchant.CompareMerchantData"/>
</testsuite> <!-- merchant.CompareMerchantData -->
