<?xml version="1.0" encoding="UTF-8"?>
<!-- Generated by org.testng.reporters.JUnitReportReporter -->
<testsuite skipped="0" hostname="DESKTOP-PO91V4R" name="appium.GopiNew" tests="1" failures="0" timestamp="20 Aug 2018 11:53:55 GMT" time="46.028" errors="0">
  <testcase name="testA" time="46.028" classname="appium.GopiNew"/>
</testsuite> <!-- appium.GopiNew -->
