<?xml version="1.0" encoding="UTF-8"?>
<!-- Generated by org.testng.reporters.JUnitReportReporter -->
<testsuite hostname="DESKTOP-FF4MHGP" name="demo.CompareExcelWithDB" tests="1" failures="0" timestamp="21 Aug 2019 09:17:56 GMT" time="1.846" errors="0">
  <testcase name="testCompareExcelWithDB" time="1.846" classname="demo.CompareExcelWithDB"/>
</testsuite> <!-- demo.CompareExcelWithDB -->
