<?xml version="1.0" encoding="UTF-8"?>
<!-- Generated by org.testng.reporters.JUnitReportReporter -->
<testsuite hostname="DESKTOP-FF4MHGP" name="demo.CompareExcelWithDB" tests="1" failures="0" timestamp="22 Aug 2019 10:30:12 GMT" time="1.813" errors="0">
  <testcase name="testCompareExcelWithDB" time="1.813" classname="demo.CompareExcelWithDB"/>
</testsuite> <!-- demo.CompareExcelWithDB -->
