<?xml version="1.0" encoding="UTF-8"?>
<!-- Generated by org.testng.reporters.JUnitReportReporter -->
<testsuite hostname="DESKTOP-FF4MHGP" name="demo.CompareExcelWithDB" tests="1" failures="0" timestamp="22 Aug 2019 12:34:59 GMT" time="1.567" errors="0">
  <testcase name="testCompareExcelWithDB" time="1.567" classname="demo.CompareExcelWithDB"/>
</testsuite> <!-- demo.CompareExcelWithDB -->
