<?xml version="1.0" encoding="UTF-8"?>
<!-- Generated by org.testng.reporters.JUnitReportReporter -->
<testsuite hostname="DESKTOP-FF4MHGP" name="com.maven.sample.Practice1" tests="2" failures="0" timestamp="26 Jun 2019 10:07:50 GMT" time="8.878" errors="0">
  <testcase name="a" time="5.128" classname="com.maven.sample.Practice1"/>
  <testcase name="b" time="3.750" classname="com.maven.sample.Practice1"/>
</testsuite> <!-- com.maven.sample.Practice1 -->
