<?xml version="1.0" encoding="UTF-8"?>
<!-- Generated by org.testng.reporters.JUnitReportReporter -->
<testsuite skipped="0" hostname="DESKTOP-PO91V4R" name="com.maven.sample.Goibibo" tests="1" failures="0" timestamp="12 Sep 2018 05:24:02 GMT" time="7.124" errors="0">
  <testcase name="testGoibibo" time="7.124" classname="com.maven.sample.Goibibo"/>
</testsuite> <!-- com.maven.sample.Goibibo -->
