<?xml version="1.0" encoding="UTF-8"?>
<!-- Generated by org.testng.reporters.JUnitReportReporter -->
<testsuite hostname="DESKTOP-FF4MHGP" name="appium.Apractice" tests="1" failures="0" timestamp="3 Jun 2019 12:15:12 GMT" time="0.007" errors="0">
  <testcase name="testApractice" time="0.007" classname="appium.Apractice"/>
</testsuite> <!-- appium.Apractice -->
