<?xml version="1.0" encoding="UTF-8"?>
<!-- Generated by org.testng.reporters.JUnitReportReporter -->
<testsuite skipped="0" hostname="rakesh" name="extent_reports.ScreenRecorder" tests="1" failures="0" timestamp="13 Jul 2018 08:54:19 GMT" time="6.848" errors="0">
  <testcase name="demo" time="6.848" classname="extent_reports.ScreenRecorder"/>
</testsuite> <!-- extent_reports.ScreenRecorder -->
