<?xml version="1.0" encoding="UTF-8"?>
<!-- Generated by org.testng.reporters.JUnitReportReporter -->
<testsuite skipped="0" hostname="DESKTOP-PO91V4R" name="com.maven.sample.Practice1" tests="1" failures="0" timestamp="08 Aug 2018 09:15:42 GMT" time="5.780" errors="0">
  <testcase name="testDemo" time="5.780" classname="com.maven.sample.Practice1"/>
</testsuite> <!-- com.maven.sample.Practice1 -->
