<?xml version="1.0" encoding="UTF-8"?>
<!-- Generated by org.testng.reporters.JUnitReportReporter -->
<testsuite skipped="0" hostname="rakesh" name="sikuli.SikuliUtils" tests="1" failures="0" timestamp="17 Jul 2018 04:48:16 GMT" time="0.148" errors="0">
  <testcase name="pictureTest" time="0.148" classname="sikuli.SikuliUtils"/>
</testsuite> <!-- sikuli.SikuliUtils -->
