<?xml version="1.0" encoding="UTF-8"?>
<!-- Generated by org.testng.reporters.JUnitReportReporter -->
<testsuite hostname="DESKTOP-FF4MHGP" name="com.maven.sample.CokieNewTest" tests="1" failures="0" timestamp="13 May 2019 09:51:54 GMT" time="6.519" errors="0">
  <testcase name="rtes" time="6.519" classname="com.maven.sample.CokieNewTest"/>
</testsuite> <!-- com.maven.sample.CokieNewTest -->
