<?xml version="1.0" encoding="UTF-8"?>
<!-- Generated by org.testng.reporters.JUnitReportReporter -->
<testsuite hostname="DESKTOP-FF4MHGP" name="appium.AppiumPractice" tests="1" failures="0" timestamp="22 May 2019 12:51:59 GMT" time="0.008" errors="0">
  <testcase name="practice" time="0.008" classname="appium.AppiumPractice"/>
</testsuite> <!-- appium.AppiumPractice -->
