<?xml version="1.0" encoding="UTF-8"?>
<!-- Generated by org.testng.reporters.JUnitReportReporter -->
<testsuite skipped="0" hostname="DESKTOP-PO91V4R" name="com.maven.sample.Practice1" tests="1" failures="0" timestamp="14 Sep 2018 12:06:08 GMT" time="0.018" errors="0">
  <testcase name="testDemo" time="0.018" classname="com.maven.sample.Practice1"/>
</testsuite> <!-- com.maven.sample.Practice1 -->
