<?xml version="1.0" encoding="UTF-8"?>
<!-- Generated by org.testng.reporters.JUnitReportReporter -->
<testsuite skipped="0" hostname="DESKTOP-PO91V4R" name="temp" tests="1" failures="0" timestamp="10 Oct 2018 05:08:03 GMT" time="0.012" errors="0">
  <testcase name="metSheet_Admin_Panel" time="0.012" classname="temp"/>
</testsuite> <!-- temp -->
