<?xml version="1.0" encoding="UTF-8"?>
<!-- Generated by org.testng.reporters.JUnitReportReporter -->
<testsuite hostname="DESKTOP-FF4MHGP" name="com.maven.sample.Practice3" tests="1" failures="0" timestamp="27 Jun 2019 07:28:45 GMT" time="21.490" errors="0">
  <testcase name="a" time="21.490" classname="com.maven.sample.Practice3"/>
</testsuite> <!-- com.maven.sample.Practice3 -->
