<?xml version="1.0" encoding="UTF-8"?>
<!-- Generated by org.testng.reporters.JUnitReportReporter -->
<testsuite skipped="0" hostname="DESKTOP-PO91V4R" name="com.maven.sample.Practice1" tests="1" failures="0" timestamp="31 Jul 2018 05:23:41 GMT" time="0.014" errors="0">
  <testcase name="executeLogin" time="0.014" classname="com.maven.sample.Practice1"/>
</testsuite> <!-- com.maven.sample.Practice1 -->
