<?xml version="1.0" encoding="UTF-8"?>
<!-- Generated by org.testng.reporters.JUnitReportReporter -->
<testsuite hostname="DESKTOP-FF4MHGP" name="com.maven.sample.Interview" tests="1" failures="0" timestamp="10 May 2019 05:43:10 GMT" time="1.720" errors="0">
  <testcase name="test" time="1.720" classname="com.maven.sample.Interview"/>
</testsuite> <!-- com.maven.sample.Interview -->
