<?xml version="1.0" encoding="UTF-8"?>
<!-- Generated by org.testng.reporters.JUnitReportReporter -->
<testsuite skipped="0" hostname="DESKTOP-PO91V4R" name="two_emulators.Main" tests="1" failures="0" timestamp="11 Sep 2018 10:30:47 GMT" time="0.121" errors="0">
  <testcase name="go" time="0.121" classname="two_emulators.Main"/>
</testsuite> <!-- two_emulators.Main -->
