<?xml version="1.0" encoding="UTF-8"?>
<!-- Generated by org.testng.reporters.JUnitReportReporter -->
<testsuite skipped="0" hostname="DESKTOP-PO91V4R" name="datadriven.HashTable_Test" tests="3" failures="0" timestamp="22 Feb 2019 11:00:28 GMT" time="0.015" errors="0">
  <testcase name="demo" time="0.000" classname="datadriven.HashTable_Test"/>
  <testcase name="demo" time="0.000" classname="datadriven.HashTable_Test"/>
  <testcase name="demo" time="0.015" classname="datadriven.HashTable_Test"/>
</testsuite> <!-- datadriven.HashTable_Test -->
