<?xml version="1.0" encoding="UTF-8"?>
<!-- Generated by org.testng.reporters.JUnitReportReporter -->
<testsuite hostname="DESKTOP-FF4MHGP" name="appium.C2m" tests="1" failures="0" timestamp="12 Aug 2019 09:34:58 GMT" time="27.591" errors="0">
  <testcase name="testt" time="27.591" classname="appium.C2m"/>
</testsuite> <!-- appium.C2m -->
